Using pre-set license
Built from '2021.3/china_unity/release' branch; Version is '2021.3.18f1c1 (93698379025b) revision 9660803'; Using compiler version '192829333'; Build Type 'Release'
OS: 'Windows 11  (10.0.26200) 64bit CoreCountrySpecific' Language: 'zh' Physical Memory: 16068 MB
BatchMode: 1, IsHumanControllingUs: 0, StartBugReporterOnCrash: 0, Is64bit: 1, IsPro: 1

COMMAND LINE ARGUMENTS:
C:\Program Files\Unity\Hub\Editor\2021.3.18f1\Editor\Unity.exe
-adb2
-batchMode
-noUpm
-name
AssetImportWorker0
-projectPath
D:/DL/DUE2/MyBallGame/MyBallGame
-logFile
Logs/AssetImportWorker0.log
-srvPort
53065
Successfully changed project path to: D:/DL/DUE2/MyBallGame/MyBallGame
D:/DL/DUE2/MyBallGame/MyBallGame
[UnityMemory] Configuration Parameters - Can be set up in boot.config
    "memorysetup-bucket-allocator-granularity=16"
    "memorysetup-bucket-allocator-bucket-count=8"
    "memorysetup-bucket-allocator-block-size=33554432"
    "memorysetup-bucket-allocator-block-count=8"
    "memorysetup-main-allocator-block-size=16777216"
    "memorysetup-thread-allocator-block-size=16777216"
    "memorysetup-gfx-main-allocator-block-size=16777216"
    "memorysetup-gfx-thread-allocator-block-size=16777216"
    "memorysetup-cache-allocator-block-size=4194304"
    "memorysetup-typetree-allocator-block-size=2097152"
    "memorysetup-profiler-bucket-allocator-granularity=16"
    "memorysetup-profiler-bucket-allocator-bucket-count=8"
    "memorysetup-profiler-bucket-allocator-block-size=33554432"
    "memorysetup-profiler-bucket-allocator-block-count=8"
    "memorysetup-profiler-allocator-block-size=16777216"
    "memorysetup-profiler-editor-allocator-block-size=1048576"
    "memorysetup-temp-allocator-size-main=16777216"
    "memorysetup-job-temp-allocator-block-size=2097152"
    "memorysetup-job-temp-allocator-block-size-background=1048576"
    "memorysetup-job-temp-allocator-reduction-small-platforms=262144"
    "memorysetup-temp-allocator-size-background-worker=32768"
    "memorysetup-temp-allocator-size-job-worker=262144"
    "memorysetup-temp-allocator-size-preload-manager=33554432"
    "memorysetup-temp-allocator-size-nav-mesh-worker=65536"
    "memorysetup-temp-allocator-size-audio-worker=65536"
    "memorysetup-temp-allocator-size-cloud-worker=32768"
    "memorysetup-temp-allocator-size-gi-baking-worker=262144"
    "memorysetup-temp-allocator-size-gfx=262144"
Player connection [27640] Host "[IP] 192.168.1.112 [Port] 0 [Flags] 2 [Guid] 3934678102 [EditorId] 3934678102 [Version] 1048832 [Id] WindowsEditor(7,DESKTOP-HCGCP07) [Debug] 1 [PackageName] WindowsEditor [ProjectName] Editor" joined multi-casting on [225.0.0.222:54997]...

Player connection [27640] Host "[IP] 192.168.1.112 [Port] 0 [Flags] 2 [Guid] 3934678102 [EditorId] 3934678102 [Version] 1048832 [Id] WindowsEditor(7,DESKTOP-HCGCP07) [Debug] 1 [PackageName] WindowsEditor [ProjectName] Editor" joined alternative multi-casting on [225.0.0.222:34997]...

AS: AutoStreaming module initializing.
Refreshing native plugins compatible for Editor in 19.80 ms, found 2 plugins.
Preloading 0 native plugins for Editor in 0.00 ms.
Initialize engine version: 2021.3.18f1c1 (93698379025b)
[Subsystems] Discovering subsystems at path C:/Program Files/Unity/Hub/Editor/2021.3.18f1/Editor/Data/Resources/UnitySubsystems
[Subsystems] Discovering subsystems at path D:/DL/DUE2/MyBallGame/MyBallGame/Assets
GfxDevice: creating device client; threaded=0; jobified=0
Direct3D:
    Version:  Direct3D 11.0 [level 11.1]
    Renderer: NVIDIA GeForce RTX 4060 Laptop GPU (ID=0x28e0)
    Vendor:   NVIDIA
    VRAM:     7957 MB
    Driver:   32.0.15.8195
Initialize mono
Mono path[0] = 'C:/Program Files/Unity/Hub/Editor/2021.3.18f1/Editor/Data/Managed'
Mono path[1] = 'C:/Program Files/Unity/Hub/Editor/2021.3.18f1/Editor/Data/MonoBleedingEdge/lib/mono/unityjit-win32'
Mono config path = 'C:/Program Files/Unity/Hub/Editor/2021.3.18f1/Editor/Data/MonoBleedingEdge/etc'
Using monoOptions --debugger-agent=transport=dt_socket,embedding=1,server=y,suspend=n,address=127.0.0.1:56836
Begin MonoManager ReloadAssembly
Registering precompiled unity dll's ...
Register platform support module: C:/Program Files/Unity/Hub/Editor/2021.3.18f1/Editor/Data/PlaybackEngines/WebGLSupport/UnityEditor.WebGL.Extensions.dll
Register platform support module: C:/Program Files/Unity/Hub/Editor/2021.3.18f1/Editor/Data/PlaybackEngines/WindowsStandaloneSupport/UnityEditor.WindowsStandalone.Extensions.dll
Registered in 0.003459 seconds.
Native extension for WindowsStandalone target not found
Native extension for WebGL target not found
Refreshing native plugins compatible for Editor in 19.09 ms, found 2 plugins.
Preloading 0 native plugins for Editor in 0.00 ms.
Mono: successfully reloaded assembly
- Completed reload, in  0.347 seconds
Domain Reload Profiling:
	ReloadAssembly (347ms)
		BeginReloadAssembly (47ms)
			ExecutionOrderSort (0ms)
			DisableScriptedObjects (0ms)
			BackupInstance (0ms)
			ReleaseScriptingObjects (0ms)
			CreateAndSetChildDomain (1ms)
		EndReloadAssembly (231ms)
			LoadAssemblies (44ms)
			RebuildTransferFunctionScriptingTraits (0ms)
			SetupTypeCache (61ms)
			ReleaseScriptCaches (0ms)
			RebuildScriptCaches (16ms)
			SetupLoadedEditorAssemblies (119ms)
				LogAssemblyErrors (0ms)
				InitializePlatformSupportModulesInManaged (5ms)
				SetLoadedEditorAssemblies (0ms)
				RefreshPlugins (19ms)
				BeforeProcessingInitializeOnLoad (1ms)
				ProcessInitializeOnLoadAttributes (69ms)
				ProcessInitializeOnLoadMethodAttributes (25ms)
				AfterProcessingInitializeOnLoad (0ms)
				EditorAssembliesLoaded (0ms)
			ExecutionOrderSort2 (0ms)
			AwakeInstancesAfterBackupRestoration (0ms)
Platform modules already initialized, skipping
Registering precompiled user dll's ...
Registered in 0.002647 seconds.
Begin MonoManager ReloadAssembly
Native extension for WindowsStandalone target not found
Native extension for WebGL target not found
Refreshing native plugins compatible for Editor in 0.26 ms, found 2 plugins.
Preloading 0 native plugins for Editor in 0.00 ms.
Mono: successfully reloaded assembly
- Completed reload, in  0.495 seconds
Domain Reload Profiling:
	ReloadAssembly (495ms)
		BeginReloadAssembly (66ms)
			ExecutionOrderSort (0ms)
			DisableScriptedObjects (3ms)
			BackupInstance (0ms)
			ReleaseScriptingObjects (0ms)
			CreateAndSetChildDomain (11ms)
		EndReloadAssembly (360ms)
			LoadAssemblies (44ms)
			RebuildTransferFunctionScriptingTraits (0ms)
			SetupTypeCache (97ms)
			ReleaseScriptCaches (0ms)
			RebuildScriptCaches (26ms)
			SetupLoadedEditorAssemblies (174ms)
				LogAssemblyErrors (0ms)
				InitializePlatformSupportModulesInManaged (4ms)
				SetLoadedEditorAssemblies (0ms)
				RefreshPlugins (0ms)
				BeforeProcessingInitializeOnLoad (29ms)
				ProcessInitializeOnLoadAttributes (125ms)
				ProcessInitializeOnLoadMethodAttributes (10ms)
				AfterProcessingInitializeOnLoad (5ms)
				EditorAssembliesLoaded (0ms)
			ExecutionOrderSort2 (0ms)
			AwakeInstancesAfterBackupRestoration (4ms)
Platform modules already initialized, skipping
========================================================================
Worker process is ready to serve import requests
Launched and connected shader compiler UnityShaderCompiler.exe after 0.06 seconds
Refreshing native plugins compatible for Editor in 0.25 ms, found 2 plugins.
Preloading 0 native plugins for Editor in 0.00 ms.
Unloading 1551 Unused Serialized files (Serialized files now loaded: 0)
Unloading 30 unused Assets / (265.3 KB). Loaded Objects now: 2022.
Memory consumption went from 72.3 MB to 72.0 MB.
Total: 1.901100 ms (FindLiveObjects: 0.074800 ms CreateObjectMapping: 0.019100 ms MarkObjects: 1.678700 ms  DeleteObjects: 0.127700 ms)

AssetImportParameters requested are different than current active one (requested -> active):
  custom:video-decoder-ogg-theora: a1e56fd34408186e4bbccfd4996cb3dc -> 
  custom:container-muxer-webm: aa71ff27fc2769a1b78a27578f13a17b -> 
  custom:container-demuxer-webm: 4f35f7cbe854078d1ac9338744f61a02 -> 
  custom:video-encoder-webm-vp8: eb34c28f22e8b96e1ab97ce403110664 -> 
  custom:video-codec-MediaFoundation-h265: 746d11721c4dcdbdad8f713fa42b33f4 -> 
  custom:audio-encoder-webm-vorbis: bf7c407c2cedff20999df2af8eb42d56 -> 
  custom:framework-win-MediaFoundation: 216162199b28c13a410421893ffa2e32 -> 
  custom:container-demuxer-ogg: 62fdf1f143b41e24485cea50d1cbac27 -> 
  custom:video-decoder-webm-vp8: 9c59270c3fd7afecdb556c50c9e8de78 -> 
  custom:audio-decoder-ogg-vorbis: bf7c407c2cedff20999df2af8eb42d56 -> 
========================================================================
Received Import Request.
  Time since last request: 453.468346 seconds.
  path: Assets/JellyMonsters/Materials/BoxContainer.mat
  artifactKey: Guid(bfe4f8d1c8871d64f907f7cf258f0cc7) Importer(815301076,1909f56bfc062723c751e8b465ee728b)
Start importing Assets/JellyMonsters/Materials/BoxContainer.mat using Guid(bfe4f8d1c8871d64f907f7cf258f0cc7) Importer(815301076,1909f56bfc062723c751e8b465ee728b)  -> (artifact id: 'd13fb80a9f40d2a4cd724f5c111869af') in 0.132529 seconds 
========================================================================
Received Import Request.
  Time since last request: 78.658154 seconds.
  path: Assets/3D Platformer Assets/Fonts/Bungee-Regular.ttf
  artifactKey: Guid(e017dca040e904844afe1f1d666c4085) Importer(815301076,1909f56bfc062723c751e8b465ee728b)
Start importing Assets/3D Platformer Assets/Fonts/Bungee-Regular.ttf using Guid(e017dca040e904844afe1f1d666c4085) Importer(815301076,1909f56bfc062723c751e8b465ee728b)  -> (artifact id: '882c6c5a0f5053770161c226777d9840') in 0.031485 seconds 
========================================================================
Received Import Request.
  Time since last request: 0.397681 seconds.
  path: Assets/3D Platformer Assets/Materials/Grass.mat
  artifactKey: Guid(c773c005d4fd82042965d4ac1d4e4395) Importer(815301076,1909f56bfc062723c751e8b465ee728b)
Start importing Assets/3D Platformer Assets/Materials/Grass.mat using Guid(c773c005d4fd82042965d4ac1d4e4395) Importer(815301076,1909f56bfc062723c751e8b465ee728b)  -> (artifact id: 'a4c321e96966cd44a07e5b6daf6faaef') in 0.022475 seconds 
========================================================================
Received Import Request.
  Time since last request: 0.495839 seconds.
  path: Assets/JellyMonsters/Materials/GreenJelly.mat
  artifactKey: Guid(018cf0b712668504b84ae87e179cd5c0) Importer(815301076,1909f56bfc062723c751e8b465ee728b)
Start importing Assets/JellyMonsters/Materials/GreenJelly.mat using Guid(018cf0b712668504b84ae87e179cd5c0) Importer(815301076,1909f56bfc062723c751e8b465ee728b)  -> (artifact id: '8048bbe81365387f8d9f195db6cb6968') in 0.015724 seconds 
========================================================================
Received Import Request.
  Time since last request: 0.000020 seconds.
  path: Assets/3D Platformer Assets/Materials/GroundCold.mat
  artifactKey: Guid(dc88aa145e09a594c9a43bcc36f546ea) Importer(815301076,1909f56bfc062723c751e8b465ee728b)
Start importing Assets/3D Platformer Assets/Materials/GroundCold.mat using Guid(dc88aa145e09a594c9a43bcc36f546ea) Importer(815301076,1909f56bfc062723c751e8b465ee728b)  -> (artifact id: 'df9066722970c4c7e1291562cebfa67a') in 0.007826 seconds 
========================================================================
Received Import Request.
  Time since last request: 0.000015 seconds.
  path: Assets/3D Platformer Assets/Materials/heart pickup.mat
  artifactKey: Guid(15b3bdb2f414d5b488ab5e1f2eb4a521) Importer(815301076,1909f56bfc062723c751e8b465ee728b)
Start importing Assets/3D Platformer Assets/Materials/heart pickup.mat using Guid(15b3bdb2f414d5b488ab5e1f2eb4a521) Importer(815301076,1909f56bfc062723c751e8b465ee728b)  -> (artifact id: 'c5c9080e1cc8e2e941ec73c311803d34') in 0.005247 seconds 
========================================================================
Received Import Request.
  Time since last request: 0.035396 seconds.
  path: Assets/3D Platformer Assets/Materials/MapPoint_Center_Active.mat
  artifactKey: Guid(5e3aee5074e6c9842811e32fe83061fe) Importer(815301076,1909f56bfc062723c751e8b465ee728b)
Start importing Assets/3D Platformer Assets/Materials/MapPoint_Center_Active.mat using Guid(5e3aee5074e6c9842811e32fe83061fe) Importer(815301076,1909f56bfc062723c751e8b465ee728b)  -> (artifact id: 'ac0ba0d3c3410428dfe9f8dab6a3aaa1') in 0.005913 seconds 
========================================================================
Received Import Request.
  Time since last request: 0.000015 seconds.
  path: Assets/3D Platformer Assets/Materials/MapPoint_Edge.mat
  artifactKey: Guid(7bd3da43f9ff5bf4db24b687fb522c70) Importer(815301076,1909f56bfc062723c751e8b465ee728b)
Start importing Assets/3D Platformer Assets/Materials/MapPoint_Edge.mat using Guid(7bd3da43f9ff5bf4db24b687fb522c70) Importer(815301076,1909f56bfc062723c751e8b465ee728b)  -> (artifact id: '1c317466eaea3f9b5e2ac8b42a95194d') in 0.004249 seconds 
========================================================================
Received Import Request.
  Time since last request: 0.215994 seconds.
  path: Assets/3D Platformer Assets/Materials/metal.mat
  artifactKey: Guid(67e0751a486618c448c6a2c9aa6da18f) Importer(815301076,1909f56bfc062723c751e8b465ee728b)
Start importing Assets/3D Platformer Assets/Materials/metal.mat using Guid(67e0751a486618c448c6a2c9aa6da18f) Importer(815301076,1909f56bfc062723c751e8b465ee728b)  -> (artifact id: 'ceb104b0dcc3d6d85e8ff1cf55e857e9') in 0.010848 seconds 
========================================================================
Received Import Request.
  Time since last request: 0.000018 seconds.
  path: Assets/3D Platformer Assets/Skybox/Fantasy Skybox FREE/Materials/Night 01A.mat
  artifactKey: Guid(5ce75119787234e4aae0598fcc619b45) Importer(815301076,1909f56bfc062723c751e8b465ee728b)
Start importing Assets/3D Platformer Assets/Skybox/Fantasy Skybox FREE/Materials/Night 01A.mat using Guid(5ce75119787234e4aae0598fcc619b45) Importer(815301076,1909f56bfc062723c751e8b465ee728b)  -> (artifact id: 'bc853d73f39cc187c43a7ee11447e1b4') in 0.112509 seconds 
========================================================================
Received Import Request.
  Time since last request: 0.161388 seconds.
  path: Assets/3D Platformer Assets/Materials/Player_Black.mat
  artifactKey: Guid(397c413362fc7364da7e06ede14aa944) Importer(815301076,1909f56bfc062723c751e8b465ee728b)
Start importing Assets/3D Platformer Assets/Materials/Player_Black.mat using Guid(397c413362fc7364da7e06ede14aa944) Importer(815301076,1909f56bfc062723c751e8b465ee728b)  -> (artifact id: '9914a9fcfca3d8b73f511ed59a5a9e68') in 0.012311 seconds 
========================================================================
Received Import Request.
  Time since last request: 0.000023 seconds.
  path: Assets/3D Platformer Assets/Materials/Player_Grey.mat
  artifactKey: Guid(2364c9e0ff2e4494aa56f5dd4a5f09bd) Importer(815301076,1909f56bfc062723c751e8b465ee728b)
Start importing Assets/3D Platformer Assets/Materials/Player_Grey.mat using Guid(2364c9e0ff2e4494aa56f5dd4a5f09bd) Importer(815301076,1909f56bfc062723c751e8b465ee728b)  -> (artifact id: '5290995c247789aa7668dfe1e833f380') in 0.006030 seconds 
========================================================================
Received Import Request.
  Time since last request: 0.000010 seconds.
  path: Assets/JellyMonsters/Materials/RedJelly.mat
  artifactKey: Guid(f82b658908ef995418ef0e87934aa498) Importer(815301076,1909f56bfc062723c751e8b465ee728b)
Start importing Assets/JellyMonsters/Materials/RedJelly.mat using Guid(f82b658908ef995418ef0e87934aa498) Importer(815301076,1909f56bfc062723c751e8b465ee728b)  -> (artifact id: 'a9c099d44434ef51ecbef6c532af12ba') in 0.009057 seconds 
========================================================================
Received Import Request.
  Time since last request: 0.000012 seconds.
  path: Assets/3D Platformer Assets/Materials/Player_Main.mat
  artifactKey: Guid(06e885128aa1a59489bc7cf05f756eb9) Importer(815301076,1909f56bfc062723c751e8b465ee728b)
Start importing Assets/3D Platformer Assets/Materials/Player_Main.mat using Guid(06e885128aa1a59489bc7cf05f756eb9) Importer(815301076,1909f56bfc062723c751e8b465ee728b)  -> (artifact id: '49e4198c17dbcc4285aa4321f21de5e5') in 0.005115 seconds 
Editor requested this worker to shutdown with reason: Scaling down because of idle timeout
AssetImportWorker is now disconnected from the server
Process exiting
Exiting without the bug reporter. Application will terminate with return code 0