Using pre-set license
Built from '2021.3/china_unity/release' branch; Version is '2021.3.18f1c1 (93698379025b) revision 9660803'; Using compiler version '192829333'; Build Type 'Release'
OS: 'Windows 11  (10.0.26200) 64bit CoreCountrySpecific' Language: 'zh' Physical Memory: 16068 MB
BatchMode: 1, IsHumanControllingUs: 0, StartBugReporterOnCrash: 0, Is64bit: 1, IsPro: 1

COMMAND LINE ARGUMENTS:
C:\Program Files\Unity\Hub\Editor\2021.3.18f1\Editor\Unity.exe
-adb2
-batchMode
-noUpm
-name
AssetImportWorker1
-projectPath
D:/DL/DUE2/MyBallGame/MyBallGame
-logFile
Logs/AssetImportWorker1.log
-srvPort
61661
Successfully changed project path to: D:/DL/DUE2/MyBallGame/MyBallGame
D:/DL/DUE2/MyBallGame/MyBallGame
[UnityMemory] Configuration Parameters - Can be set up in boot.config
    "memorysetup-bucket-allocator-granularity=16"
    "memorysetup-bucket-allocator-bucket-count=8"
    "memorysetup-bucket-allocator-block-size=33554432"
    "memorysetup-bucket-allocator-block-count=8"
    "memorysetup-main-allocator-block-size=16777216"
    "memorysetup-thread-allocator-block-size=16777216"
    "memorysetup-gfx-main-allocator-block-size=16777216"
    "memorysetup-gfx-thread-allocator-block-size=16777216"
    "memorysetup-cache-allocator-block-size=4194304"
    "memorysetup-typetree-allocator-block-size=2097152"
    "memorysetup-profiler-bucket-allocator-granularity=16"
    "memorysetup-profiler-bucket-allocator-bucket-count=8"
    "memorysetup-profiler-bucket-allocator-block-size=33554432"
    "memorysetup-profiler-bucket-allocator-block-count=8"
    "memorysetup-profiler-allocator-block-size=16777216"
    "memorysetup-profiler-editor-allocator-block-size=1048576"
    "memorysetup-temp-allocator-size-main=16777216"
    "memorysetup-job-temp-allocator-block-size=2097152"
    "memorysetup-job-temp-allocator-block-size-background=1048576"
    "memorysetup-job-temp-allocator-reduction-small-platforms=262144"
    "memorysetup-temp-allocator-size-background-worker=32768"
    "memorysetup-temp-allocator-size-job-worker=262144"
    "memorysetup-temp-allocator-size-preload-manager=33554432"
    "memorysetup-temp-allocator-size-nav-mesh-worker=65536"
    "memorysetup-temp-allocator-size-audio-worker=65536"
    "memorysetup-temp-allocator-size-cloud-worker=32768"
    "memorysetup-temp-allocator-size-gi-baking-worker=262144"
    "memorysetup-temp-allocator-size-gfx=262144"
Player connection [12808] Host "[IP] 192.168.1.100 [Port] 0 [Flags] 2 [Guid] 3225371314 [EditorId] 3225371314 [Version] 1048832 [Id] WindowsEditor(7,DESKTOP-HCGCP07) [Debug] 1 [PackageName] WindowsEditor [ProjectName] Editor" joined multi-casting on [225.0.0.222:54997]...

Player connection [12808] Host "[IP] 192.168.1.100 [Port] 0 [Flags] 2 [Guid] 3225371314 [EditorId] 3225371314 [Version] 1048832 [Id] WindowsEditor(7,DESKTOP-HCGCP07) [Debug] 1 [PackageName] WindowsEditor [ProjectName] Editor" joined alternative multi-casting on [225.0.0.222:34997]...

AS: AutoStreaming module initializing.
Refreshing native plugins compatible for Editor in 41.44 ms, found 2 plugins.
Preloading 0 native plugins for Editor in 0.00 ms.
Initialize engine version: 2021.3.18f1c1 (93698379025b)
[Subsystems] Discovering subsystems at path C:/Program Files/Unity/Hub/Editor/2021.3.18f1/Editor/Data/Resources/UnitySubsystems
[Subsystems] Discovering subsystems at path D:/DL/DUE2/MyBallGame/MyBallGame/Assets
GfxDevice: creating device client; threaded=0; jobified=0
Direct3D:
    Version:  Direct3D 11.0 [level 11.1]
    Renderer: NVIDIA GeForce RTX 4060 Laptop GPU (ID=0x28e0)
    Vendor:   NVIDIA
    VRAM:     7957 MB
    Driver:   32.0.15.8195
Initialize mono
Mono path[0] = 'C:/Program Files/Unity/Hub/Editor/2021.3.18f1/Editor/Data/Managed'
Mono path[1] = 'C:/Program Files/Unity/Hub/Editor/2021.3.18f1/Editor/Data/MonoBleedingEdge/lib/mono/unityjit-win32'
Mono config path = 'C:/Program Files/Unity/Hub/Editor/2021.3.18f1/Editor/Data/MonoBleedingEdge/etc'
Using monoOptions --debugger-agent=transport=dt_socket,embedding=1,server=y,suspend=n,address=127.0.0.1:56252
Begin MonoManager ReloadAssembly
Registering precompiled unity dll's ...
Register platform support module: C:/Program Files/Unity/Hub/Editor/2021.3.18f1/Editor/Data/PlaybackEngines/WebGLSupport/UnityEditor.WebGL.Extensions.dll
Register platform support module: C:/Program Files/Unity/Hub/Editor/2021.3.18f1/Editor/Data/PlaybackEngines/WindowsStandaloneSupport/UnityEditor.WindowsStandalone.Extensions.dll
Registered in 0.006015 seconds.
Native extension for WindowsStandalone target not found
Native extension for WebGL target not found
Refreshing native plugins compatible for Editor in 43.02 ms, found 2 plugins.
Preloading 0 native plugins for Editor in 0.00 ms.
Mono: successfully reloaded assembly
- Completed reload, in  0.724 seconds
Domain Reload Profiling:
	ReloadAssembly (725ms)
		BeginReloadAssembly (91ms)
			ExecutionOrderSort (0ms)
			DisableScriptedObjects (0ms)
			BackupInstance (0ms)
			ReleaseScriptingObjects (0ms)
			CreateAndSetChildDomain (1ms)
		EndReloadAssembly (495ms)
			LoadAssemblies (87ms)
			RebuildTransferFunctionScriptingTraits (0ms)
			SetupTypeCache (128ms)
			ReleaseScriptCaches (0ms)
			RebuildScriptCaches (35ms)
			SetupLoadedEditorAssemblies (264ms)
				LogAssemblyErrors (0ms)
				InitializePlatformSupportModulesInManaged (11ms)
				SetLoadedEditorAssemblies (0ms)
				RefreshPlugins (43ms)
				BeforeProcessingInitializeOnLoad (2ms)
				ProcessInitializeOnLoadAttributes (154ms)
				ProcessInitializeOnLoadMethodAttributes (54ms)
				AfterProcessingInitializeOnLoad (0ms)
				EditorAssembliesLoaded (0ms)
			ExecutionOrderSort2 (0ms)
			AwakeInstancesAfterBackupRestoration (0ms)
Platform modules already initialized, skipping
Registering precompiled user dll's ...
Registered in 0.005830 seconds.
Begin MonoManager ReloadAssembly
Native extension for WindowsStandalone target not found
Native extension for WebGL target not found
Refreshing native plugins compatible for Editor in 0.42 ms, found 2 plugins.
Preloading 0 native plugins for Editor in 0.00 ms.
Mono: successfully reloaded assembly
- Completed reload, in  1.014 seconds
Domain Reload Profiling:
	ReloadAssembly (1015ms)
		BeginReloadAssembly (123ms)
			ExecutionOrderSort (0ms)
			DisableScriptedObjects (6ms)
			BackupInstance (0ms)
			ReleaseScriptingObjects (0ms)
			CreateAndSetChildDomain (19ms)
		EndReloadAssembly (745ms)
			LoadAssemblies (78ms)
			RebuildTransferFunctionScriptingTraits (0ms)
			SetupTypeCache (197ms)
			ReleaseScriptCaches (0ms)
			RebuildScriptCaches (51ms)
			SetupLoadedEditorAssemblies (366ms)
				LogAssemblyErrors (0ms)
				InitializePlatformSupportModulesInManaged (8ms)
				SetLoadedEditorAssemblies (1ms)
				RefreshPlugins (1ms)
				BeforeProcessingInitializeOnLoad (59ms)
				ProcessInitializeOnLoadAttributes (265ms)
				ProcessInitializeOnLoadMethodAttributes (24ms)
				AfterProcessingInitializeOnLoad (10ms)
				EditorAssembliesLoaded (0ms)
			ExecutionOrderSort2 (0ms)
			AwakeInstancesAfterBackupRestoration (8ms)
Platform modules already initialized, skipping
========================================================================
Worker process is ready to serve import requests
Launched and connected shader compiler UnityShaderCompiler.exe after 0.07 seconds
Refreshing native plugins compatible for Editor in 0.43 ms, found 2 plugins.
Preloading 0 native plugins for Editor in 0.00 ms.
Unloading 1551 Unused Serialized files (Serialized files now loaded: 0)
Unloading 30 unused Assets / (265.3 KB). Loaded Objects now: 2022.
Memory consumption went from 72.2 MB to 72.0 MB.
Total: 3.747600 ms (FindLiveObjects: 0.129300 ms CreateObjectMapping: 0.046700 ms MarkObjects: 3.321500 ms  DeleteObjects: 0.248800 ms)

AssetImportParameters requested are different than current active one (requested -> active):
  custom:video-decoder-ogg-theora: a1e56fd34408186e4bbccfd4996cb3dc -> 
  custom:container-muxer-webm: aa71ff27fc2769a1b78a27578f13a17b -> 
  custom:container-demuxer-webm: 4f35f7cbe854078d1ac9338744f61a02 -> 
  custom:video-encoder-webm-vp8: eb34c28f22e8b96e1ab97ce403110664 -> 
  custom:video-codec-MediaFoundation-h265: 746d11721c4dcdbdad8f713fa42b33f4 -> 
  custom:audio-encoder-webm-vorbis: bf7c407c2cedff20999df2af8eb42d56 -> 
  custom:framework-win-MediaFoundation: 216162199b28c13a410421893ffa2e32 -> 
  custom:container-demuxer-ogg: 62fdf1f143b41e24485cea50d1cbac27 -> 
  custom:video-decoder-webm-vp8: 9c59270c3fd7afecdb556c50c9e8de78 -> 
  custom:audio-decoder-ogg-vorbis: bf7c407c2cedff20999df2af8eb42d56 -> 
========================================================================
Received Import Request.
  Time since last request: 11761.075095 seconds.
  path: Assets/Scenes/Scene2/ReflectionProbe-0.exr
  artifactKey: Guid(36155b61e2265224eb585aead33fecdd) Importer(815301076,1909f56bfc062723c751e8b465ee728b)
Start importing Assets/Scenes/Scene2/ReflectionProbe-0.exr using Guid(36155b61e2265224eb585aead33fecdd) Importer(815301076,1909f56bfc062723c751e8b465ee728b)  -> (artifact id: '5afc293a5a6b8bdb8c8331224e127837') in 0.136723 seconds 
========================================================================
Received Import Request.
  Time since last request: 11.537866 seconds.
  path: Assets/3D Platformer Assets/Materials/Snow.mat
  artifactKey: Guid(961bd2256fd6c4448a18c0b54b623bb2) Importer(815301076,1909f56bfc062723c751e8b465ee728b)
Start importing Assets/3D Platformer Assets/Materials/Snow.mat using Guid(961bd2256fd6c4448a18c0b54b623bb2) Importer(815301076,1909f56bfc062723c751e8b465ee728b)  -> (artifact id: '442de37ab2bf09b2f6a7161da3845d12') in 0.040828 seconds 
========================================================================
Received Import Request.
  Time since last request: 0.216670 seconds.
  path: Assets/3D Platformer Assets/Skybox/Fantasy Skybox FREE/Materials/Sunny 01B.mat
  artifactKey: Guid(7e4024464a7f63a408ac3c1225f094f9) Importer(815301076,1909f56bfc062723c751e8b465ee728b)
Start importing Assets/3D Platformer Assets/Skybox/Fantasy Skybox FREE/Materials/Sunny 01B.mat using Guid(7e4024464a7f63a408ac3c1225f094f9) Importer(815301076,1909f56bfc062723c751e8b465ee728b)  -> (artifact id: '6f026b10e94816f179d32f8d1e330b42') in 0.020977 seconds 
========================================================================
Received Import Request.
  Time since last request: 0.000016 seconds.
  path: Assets/3D Platformer Assets/Materials/White.mat
  artifactKey: Guid(6c6360a1d55a18041a5190447e93570c) Importer(815301076,1909f56bfc062723c751e8b465ee728b)
Start importing Assets/3D Platformer Assets/Materials/White.mat using Guid(6c6360a1d55a18041a5190447e93570c) Importer(815301076,1909f56bfc062723c751e8b465ee728b)  -> (artifact id: 'bbe3f2eaf78e5489c50a170f74eecd9d') in 0.006834 seconds 
========================================================================
Received Import Request.
  Time since last request: 5.620334 seconds.
  path: Assets/3D Platformer Assets/Audio/Music/Victory.wav
  artifactKey: Guid(310cba08d28709c4daaee7c1b749ec11) Importer(815301076,1909f56bfc062723c751e8b465ee728b)
Start importing Assets/3D Platformer Assets/Audio/Music/Victory.wav using Guid(310cba08d28709c4daaee7c1b749ec11) Importer(815301076,1909f56bfc062723c751e8b465ee728b)  -> (artifact id: '31cb60352282f229caaff79dafcf78e1') in 0.101989 seconds 
========================================================================
Received Import Request.
  Time since last request: 0.480552 seconds.
  path: Assets/3D Platformer Assets/Audio/Music/incompetech/Delightful D.mp3
  artifactKey: Guid(cfd3a85ef9fdc9643823240fd2665889) Importer(815301076,1909f56bfc062723c751e8b465ee728b)
Start importing Assets/3D Platformer Assets/Audio/Music/incompetech/Delightful D.mp3 using Guid(cfd3a85ef9fdc9643823240fd2665889) Importer(815301076,1909f56bfc062723c751e8b465ee728b)  -> (artifact id: '1ade26525b2d8678438a8f66a7faae85') in 0.008799 seconds 
========================================================================
Received Import Request.
  Time since last request: 0.000018 seconds.
  path: Assets/3D Platformer Assets/Audio/Music/incompetech/Getting it Done.mp3
  artifactKey: Guid(a3c8199bf1031d3479bb180efd75d8dc) Importer(815301076,1909f56bfc062723c751e8b465ee728b)
Start importing Assets/3D Platformer Assets/Audio/Music/incompetech/Getting it Done.mp3 using Guid(a3c8199bf1031d3479bb180efd75d8dc) Importer(815301076,1909f56bfc062723c751e8b465ee728b)  -> (artifact id: '85790bdf02c5bacc0ca8ddf62590463f') in 0.007660 seconds 
========================================================================
Received Import Request.
  Time since last request: 0.000017 seconds.
  path: Assets/3D Platformer Assets/Audio/Music/incompetech/Juhani Junkala - Epic Boss Battle [Seamlessly Looping].wav
  artifactKey: Guid(2f1b8b92c499dfe4f9f27b4220ad0033) Importer(815301076,1909f56bfc062723c751e8b465ee728b)
Start importing Assets/3D Platformer Assets/Audio/Music/incompetech/Juhani Junkala - Epic Boss Battle [Seamlessly Looping].wav using Guid(2f1b8b92c499dfe4f9f27b4220ad0033) Importer(815301076,1909f56bfc062723c751e8b465ee728b)  -> (artifact id: '9f3ae2922ec1316c0786da889fca17cb') in 0.007141 seconds 
========================================================================
Received Import Request.
  Time since last request: 22.093517 seconds.
  path: Assets/3D Platformer Assets/UI/health_Bar_2.png
  artifactKey: Guid(d010abe148e1a034988978c77c14b098) Importer(815301076,1909f56bfc062723c751e8b465ee728b)
Start importing Assets/3D Platformer Assets/UI/health_Bar_2.png using Guid(d010abe148e1a034988978c77c14b098) Importer(815301076,1909f56bfc062723c751e8b465ee728b)  -> (artifact id: '1d527dc2c8a5de45639d3b9490d18a8c') in 0.033021 seconds 
========================================================================
Received Import Request.
  Time since last request: 0.000019 seconds.
  path: Assets/3D Platformer Assets/UI/health_Bar_5.png
  artifactKey: Guid(9704dbb03d7288b4e9f0e15525db38d1) Importer(815301076,1909f56bfc062723c751e8b465ee728b)
Start importing Assets/3D Platformer Assets/UI/health_Bar_5.png using Guid(9704dbb03d7288b4e9f0e15525db38d1) Importer(815301076,1909f56bfc062723c751e8b465ee728b)  -> (artifact id: 'bf06b71c1019633bc3ac2a7f5b329022') in 0.022115 seconds 
========================================================================
Received Import Request.
  Time since last request: 0.000022 seconds.
  path: Assets/3D Platformer Assets/UI/health_Bar_3.png
  artifactKey: Guid(498e1f9b5f6220b4c9610d65d4ae5aed) Importer(815301076,1909f56bfc062723c751e8b465ee728b)
Start importing Assets/3D Platformer Assets/UI/health_Bar_3.png using Guid(498e1f9b5f6220b4c9610d65d4ae5aed) Importer(815301076,1909f56bfc062723c751e8b465ee728b)  -> (artifact id: 'dda79aff57b2542e7df1d9c11a03d45f') in 0.013180 seconds 
========================================================================
Received Import Request.
  Time since last request: 0.000031 seconds.
  path: Assets/3D Platformer Assets/UI/UI_Menus_Button_Pressed.png
  artifactKey: Guid(59d8d26b57e72dc4e94b77f37de3520e) Importer(815301076,1909f56bfc062723c751e8b465ee728b)
Start importing Assets/3D Platformer Assets/UI/UI_Menus_Button_Pressed.png using Guid(59d8d26b57e72dc4e94b77f37de3520e) Importer(815301076,1909f56bfc062723c751e8b465ee728b)  -> (artifact id: '2c6ff733bfa635e2ac2a1ee7582441db') in 0.011295 seconds 
========================================================================
Received Import Request.
  Time since last request: 16.971257 seconds.
  path: Assets/Texture/时钟图标_2_(icon _2_)_爱给网_aigei_com.png
  artifactKey: Guid(c6f355b3f0f75064a9346b38ab35f782) Importer(815301076,1909f56bfc062723c751e8b465ee728b)
Start importing Assets/Texture/时钟图标_2_(icon _2_)_爱给网_aigei_com.png using Guid(c6f355b3f0f75064a9346b38ab35f782) Importer(815301076,1909f56bfc062723c751e8b465ee728b)  -> (artifact id: '6ea51ee8c035527d6f8ee9c0714f30dd') in 0.009423 seconds 
Editor requested this worker to shutdown with reason: Scaling down because of idle timeout
AssetImportWorker is now disconnected from the server
Process exiting
Exiting without the bug reporter. Application will terminate with return code 0